C:\USERS\OWNER\DOCUMENTS\VISUAL STUDIO 2010\PROJECTS\PAI1PAI\DEBUG\PAI1PAI.EXE
C:\USERS\OWNER\DOCUMENTS\VISUAL STUDIO 2010\PROJECTS\PAI1PAI\DEBUG\PAI1PAI.ILK
C:\USERS\OWNER\DOCUMENTS\VISUAL STUDIO 2010\PROJECTS\PAI1PAI\DEBUG\PAI1PAI.PDB
C:\USERS\OWNER\DOCUMENTS\VISUAL STUDIO 2010\PROJECTS\PAI1PAI\PAI1PAI\DEBUG\BIDURL.OBJ
C:\Users\Owner\documents\visual studio 2010\Projects\Pai1Pai\Pai1Pai\Debug\cl.command.1.tlog
C:\Users\Owner\documents\visual studio 2010\Projects\Pai1Pai\Pai1Pai\Debug\CL.read.1.tlog
C:\Users\Owner\documents\visual studio 2010\Projects\Pai1Pai\Pai1Pai\Debug\CL.write.1.tlog
C:\USERS\OWNER\DOCUMENTS\VISUAL STUDIO 2010\PROJECTS\PAI1PAI\PAI1PAI\DEBUG\CWEBBROWSER2.OBJ
C:\USERS\OWNER\DOCUMENTS\VISUAL STUDIO 2010\PROJECTS\PAI1PAI\PAI1PAI\DEBUG\DO_CV_PIC.OBJ
C:\Users\Owner\documents\visual studio 2010\Projects\Pai1Pai\Pai1Pai\Debug\link.3272.read.1.tlog
C:\Users\Owner\documents\visual studio 2010\Projects\Pai1Pai\Pai1Pai\Debug\link.3272.write.1.tlog
C:\Users\Owner\documents\visual studio 2010\Projects\Pai1Pai\Pai1Pai\Debug\link.3272-cvtres.read.1.tlog
C:\Users\Owner\documents\visual studio 2010\Projects\Pai1Pai\Pai1Pai\Debug\link.3272-cvtres.write.1.tlog
C:\Users\Owner\documents\visual studio 2010\Projects\Pai1Pai\Pai1Pai\Debug\link.command.1.tlog
C:\Users\Owner\documents\visual studio 2010\Projects\Pai1Pai\Pai1Pai\Debug\link.read.1.tlog
C:\Users\Owner\documents\visual studio 2010\Projects\Pai1Pai\Pai1Pai\Debug\link.write.1.tlog
C:\Users\Owner\documents\visual studio 2010\Projects\Pai1Pai\Pai1Pai\Debug\link-cvtres.read.1.tlog
C:\Users\Owner\documents\visual studio 2010\Projects\Pai1Pai\Pai1Pai\Debug\link-cvtres.write.1.tlog
C:\Users\Owner\documents\visual studio 2010\Projects\Pai1Pai\Pai1Pai\Debug\mt.command.1.tlog
C:\Users\Owner\documents\visual studio 2010\Projects\Pai1Pai\Pai1Pai\Debug\mt.read.1.tlog
C:\Users\Owner\documents\visual studio 2010\Projects\Pai1Pai\Pai1Pai\Debug\mt.write.1.tlog
C:\USERS\OWNER\DOCUMENTS\VISUAL STUDIO 2010\PROJECTS\PAI1PAI\PAI1PAI\DEBUG\PAI1PAI.EXE.EMBED.MANIFEST
C:\USERS\OWNER\DOCUMENTS\VISUAL STUDIO 2010\PROJECTS\PAI1PAI\PAI1PAI\DEBUG\PAI1PAI.EXE.EMBED.MANIFEST.RES
C:\USERS\OWNER\DOCUMENTS\VISUAL STUDIO 2010\PROJECTS\PAI1PAI\PAI1PAI\DEBUG\PAI1PAI.EXE.INTERMEDIATE.MANIFEST
C:\USERS\OWNER\DOCUMENTS\VISUAL STUDIO 2010\PROJECTS\PAI1PAI\PAI1PAI\DEBUG\PAI1PAI.OBJ
C:\USERS\OWNER\DOCUMENTS\VISUAL STUDIO 2010\PROJECTS\PAI1PAI\PAI1PAI\DEBUG\PAI1PAI.PCH
C:\USERS\OWNER\DOCUMENTS\VISUAL STUDIO 2010\PROJECTS\PAI1PAI\PAI1PAI\DEBUG\PAI1PAI.RES
C:\Users\Owner\documents\visual studio 2010\Projects\Pai1Pai\Pai1Pai\Debug\Pai1Pai.vcxprojResolveAssemblyReference.cache
C:\Users\Owner\documents\visual studio 2010\Projects\Pai1Pai\Pai1Pai\Debug\Pai1Pai.write.1.tlog
C:\Users\Owner\documents\visual studio 2010\Projects\Pai1Pai\Pai1Pai\Debug\Pai1Pai_manifest.rc
C:\USERS\OWNER\DOCUMENTS\VISUAL STUDIO 2010\PROJECTS\PAI1PAI\PAI1PAI\DEBUG\PAI1PAIDLG.OBJ
C:\Users\Owner\documents\visual studio 2010\Projects\Pai1Pai\Pai1Pai\Debug\rc.command.1.tlog
C:\Users\Owner\documents\visual studio 2010\Projects\Pai1Pai\Pai1Pai\Debug\rc.read.1.tlog
C:\Users\Owner\documents\visual studio 2010\Projects\Pai1Pai\Pai1Pai\Debug\rc.write.1.tlog
C:\USERS\OWNER\DOCUMENTS\VISUAL STUDIO 2010\PROJECTS\PAI1PAI\PAI1PAI\DEBUG\STDAFX.OBJ
C:\USERS\OWNER\DOCUMENTS\VISUAL STUDIO 2010\PROJECTS\PAI1PAI\PAI1PAI\DEBUG\SYSSETUP.OBJ
C:\Users\Owner\documents\visual studio 2010\Projects\Pai1Pai\Pai1Pai\Debug\vc100.idb
C:\USERS\OWNER\DOCUMENTS\VISUAL STUDIO 2010\PROJECTS\PAI1PAI\PAI1PAI\DEBUG\VC100.PDB
