生成启动时间为 2018/10/22 21:56:36。
     1>项目“C:\Users\Owner\documents\visual studio 2010\Projects\Pai1Pai\Pai1Pai\Pai1Pai.vcxproj”在节点 2 上(build 个目标)。
     1>InitializeBuildStatus:
         正在创建“Debug\Pai1Pai.unsuccessfulbuild”，因为已指定“AlwaysCreate”。
       ClCompile:
         所有输出均为最新。
         所有输出均为最新。
       ResourceCompile:
         C:\Program Files (x86)\Microsoft SDKs\Windows\v7.0A\bin\rc.exe /D _DEBUG /D _UNICODE /D UNICODE /D _AFXDLL /l"0x0804" /IDebug\ /nologo /fo"Debug\Pai1Pai.res" Pai1Pai.rc 
       ManifestResourceCompile:
         所有输出均为最新。
       Link:
         C:\Program Files (x86)\Microsoft Visual Studio 10.0\VC\bin\link.exe /ERRORREPORT:PROMPT /OUT:"C:\Users\Owner\documents\visual studio 2010\Projects\Pai1Pai\Debug\Pai1Pai.exe" /INCREMENTAL /NOLOGO /LIBPATH:C:\opencv3.0.0b\opencv\build\x86\vc10\lib opencv_ts300d.lib opencv_world300d.lib opencv_ts300.lib opencv_world300.lib /MANIFEST /ManifestFile:"Debug\Pai1Pai.exe.intermediate.manifest" /MANIFESTUAC:"level='asInvoker' uiAccess='false'" /DEBUG /PDB:"C:\Users\Owner\documents\visual studio 2010\Projects\Pai1Pai\Debug\Pai1Pai.pdb" /SUBSYSTEM:WINDOWS /TLBID:1 /ENTRY:"wWinMainCRTStartup" /DYNAMICBASE /NXCOMPAT /IMPLIB:"C:\Users\Owner\documents\visual studio 2010\Projects\Pai1Pai\Debug\Pai1Pai.lib" /MACHINE:X86 Debug\Pai1Pai.res
         Debug\Pai1Pai.exe.embed.manifest.res
         Debug\BidUrl.obj
         Debug\CWebBrowser2.obj
         Debug\Do_cv_pic.obj
         Debug\Pai1Pai.obj
         Debug\Pai1PaiDlg.obj
         Debug\stdafx.obj
         Debug\SysSetUp.obj
       Manifest:
         C:\Program Files (x86)\Microsoft SDKs\Windows\v7.0A\bin\mt.exe /nologo /verbose /out:"Debug\Pai1Pai.exe.embed.manifest" /manifest Debug\Pai1Pai.exe.intermediate.manifest "C:\Program Files (x86)\Microsoft Visual Studio 10.0\VC\Include\Manifest\dpiaware.manifest"
         所有输出均为最新。
       LinkEmbedManifest:
         所有输出均为最新。
         Pai1Pai.vcxproj -> C:\Users\Owner\documents\visual studio 2010\Projects\Pai1Pai\Debug\Pai1Pai.exe
       FinalizeBuildStatus:
         正在删除文件“Debug\Pai1Pai.unsuccessfulbuild”。
         正在对“Debug\Pai1Pai.lastbuildstate”执行 Touch 任务。
     1>已完成生成项目“C:\Users\Owner\documents\visual studio 2010\Projects\Pai1Pai\Pai1Pai\Pai1Pai.vcxproj”(build 个目标)的操作。

生成成功。

已用时间 00:00:00.63
